<?xml version="1.0" encoding="UTF-8"?>
<!-- Generated by org.testng.reporters.JUnitXMLReporter -->
<testsuite ignored="0" hostname="DESKTOP-NAUN3TQ" failures="0" tests="3" name="Authentication Test" time="3.144" errors="0" timestamp="2025-09-18T21:54:24 WIB">
  <testcase classname="com.juaracoding.ecommerce.authentications.SignInNegativeTest" name="EmptyPasswordTest" time="1.211"/>
  <testcase classname="com.juaracoding.ecommerce.authentications.SignInNegativeTest" name="EmptyUsernameTest" time="0.969"/>
  <testcase classname="com.juaracoding.ecommerce.authentications.SignInNegativeTest" name="withoutCredentialsTest" time="0.941"/>
</testsuite> <!-- Authentication Test -->
